<?xml version="1.0" encoding="UTF-8"?>
<testng-results ignored="0" total="1" passed="1" failed="0" skipped="0">
  <reporter-output>
  </reporter-output>
  <suite started-at="2023-02-08T16:35:56 GET" name="suite" finished-at="2023-02-08T16:35:56 GET" duration-ms="71">
    <groups>
    </groups>
    <test started-at="2023-02-08T16:35:56 GET" name="test suite" finished-at="2023-02-08T16:35:56 GET" duration-ms="71">
      <class name="test">
        <test-method signature="test()[pri:0, instance:test@7d68ef40]" started-at="2023-02-08T16:35:56 GET" name="test" finished-at="2023-02-08T16:35:56 GET" duration-ms="18" status="PASS">
          <reporter-output>
          </reporter-output>
        </test-method> <!-- test -->
      </class> <!-- test -->
    </test> <!-- test suite -->
  </suite> <!-- suite -->
</testng-results>
